{"message":"unhandledRejection","level":"error","service":"user/group-service"}
{"message":"unhandledRejection","level":"error","service":"user/group-service"}
{"message":"unhandledRejection","level":"error","service":"user/group-service"}
{"message":"unhandledRejection","level":"error"}
{"message":"unhandledRejection","level":"error"}
{"message":"unhandledRejection","level":"error"}
{"message":"unhandledRejection","level":"error"}
{"message":"unhandledRejection","level":"error"}
{"message":"unhandledRejection","level":"error"}
{"message":"method: GET, originalUrl: /groups1, error: unknown route","level":"error"}
{"message":"unhandledRejection","level":"error"}
{"message":"unhandledRejection","level":"error"}
{"message":"unhandledRejection","level":"error"}
{"message":"unhandledRejection","level":"error"}
{"message":"unhandledRejection","level":"error"}
{"message":"unhandledRejection","level":"error"}
{"message":"unhandledRejection","level":"error"}
{"message":"unhandledRejection","level":"error"}
{"message":"unhandledRejection","level":"error"}
{"message":"unhandledRejection","level":"error"}
{"message":"unhandledRejection","level":"error"}
{"message":"unhandledRejection","level":"error"}
{"message":"unhandledRejection","level":"error"}
{"message":"unhandledRejection","level":"error"}
{"message":"unhandledRejection","level":"error"}
{"message":"unhandledRejection","level":"error"}
{"message":"unhandledRejection","level":"error"}
{"message":"unhandledRejection","level":"error"}
{"message":"unhandledRejection","level":"error"}
{"message":"unhandledRejection","level":"error"}
{"message":"unhandledRejection","level":"error"}
{"message":"unhandledRejection","level":"error"}
{"message":"unhandledRejection","level":"error"}
{"message":"unhandledRejection","level":"error"}
{"message":"unhandledRejection","level":"error"}
{"message":"unhandledRejection","level":"error"}
{"message":"unhandledRejection","level":"error"}
{"message":"unhandledRejection","level":"error"}
{"message":"unhandledRejection","level":"error"}
{"message":"unhandledRejection","level":"error"}
{"message":"unhandledRejection","level":"error"}
{"message":"unhandledRejection","level":"error"}
{"message":"unhandledRejection","level":"error"}
{"message":"unhandledRejection","level":"error"}
{"message":"unhandledRejection","level":"error"}
{"message":"unhandledRejection","level":"error"}
{"message":"unhandledRejection","level":"error"}
{"message":"unhandledRejection","level":"error"}
{"message":"unhandledRejection","level":"error"}
{"message":"unhandledRejection","level":"error"}
{"message":"unhandledRejection","level":"error"}
{"message":"unhandledRejection","level":"error"}
{"message":"unhandledRejection","level":"error"}
{"message":"unhandledRejection","level":"error"}
{"message":"unhandledRejection","level":"error"}
{"message":"unhandledRejection","level":"error"}
{"message":"unhandledRejection","level":"error"}
{"message":"unhandledRejection","level":"error"}
{"message":"unhandledRejection","level":"error"}
{"message":"unhandledRejection","level":"error"}
{"message":"unhandledRejection","level":"error"}
{"message":"unhandledRejection","level":"error"}
{"message":"unhandledRejection","level":"error"}
{"message":"unhandledRejection","level":"error"}
{"message":"unhandledRejection","level":"error"}
{"message":"unhandledRejection","level":"error"}
{"message":"unhandledRejection","level":"error"}
{"message":"unhandledRejection","level":"error"}
{"message":"unhandledRejection","level":"error"}
{"message":"unhandledRejection","level":"error"}
{"message":"service: UserService, method: createUser, params: [object Object]","level":"info"}
{"message":"unhandledRejection","level":"error"}
{"message":"unhandledRejection","level":"error"}
{"message":"unhandledRejection","level":"error"}
{"message":"unhandledRejection","level":"error"}
{"message":"service: UserService, method: getUsers, params: { limit: 3, search: 9}","level":"info"}
{"message":"unhandledRejection","level":"error"}
{"message":"unhandledRejection","level":"error"}
{"message":"service: UserService, method: getUsers, params: { limit: 3, search: 9}","level":"info"}
{"message":"unhandledRejection","level":"error"}
{"message":"unhandledRejection","level":"error"}
{"message":"unhandledRejection","level":"error"}
{"message":"unhandledRejection","level":"error"}
{"message":"unhandledRejection","level":"error"}
{"message":"unhandledRejection","level":"error"}
{"message":"service: UserService, method: getUsers, params: { limit: 3, search: 9}","level":"info"}
{"message":"service: UserService, method: getUsers, params: { limit: 3, search: 9}","level":"info"}
{"message":"unhandledRejection","level":"error"}
{"message":"unhandledRejection","level":"error"}
{"message":"unhandledRejection","level":"error"}
{"message":"unhandledRejection","level":"error"}
{"message":"service: UserService, method: getUsers, params: { limit: 3, search: 9}","level":"info"}
{"message":"service: UserService, method: getUsers, params: { limit: 3, search: 9}","level":"info"}
{"message":"unhandledRejection","level":"error"}
{"message":"unhandledRejection","level":"error"}
{"message":"service: UserService, method: getUsers, params: { limit: 3, search: 9}","level":"info"}
{"message":"service: UserService, method: getUsers, params: { limit: 3, search: 9}","level":"info"}
{"message":"unhandledRejection","level":"error"}
{"message":"unhandledRejection","level":"error"}
{"message":"service: UserService, method: getUsers, params: { limit: 3, search: 9}","level":"info"}
{"message":"unhandledRejection","level":"error"}
{"message":"unhandledRejection","level":"error"}
{"message":"service: UserService, method: getUsers, params: { limit: 3, search: 9}","level":"info"}
{"message":"service: UserService, method: getUsers, params: { limit: 3, search: 9}","level":"info"}
{"message":"service: UserService, method: getUsers, params: { limit: 3, search: 9}","level":"info"}
{"message":"service: UserService, method: getUsers, params: { limit: 3, search: 9}","level":"info"}
{"message":"unhandledRejection","level":"error"}
{"message":"unhandledRejection","level":"error"}
{"message":"service: UserService, method: getUsers, params: { limit: 3, search: 9}","level":"info"}
{"message":"service: UserService, method: getUsers, params: { limit: 3, search: 9}","level":"info"}
{"message":"unhandledRejection","level":"error"}
{"message":"unhandledRejection","level":"error"}
{"message":"service: UserService, method: getUsers, params: { limit: 3, search: 9}","level":"info"}
{"message":"service: UserService, method: getUsers, params: { limit: 3, search: 9}","level":"info"}
{"message":"service: UserService, method: getUsers, params: { limit: 3, search: 9}","level":"info"}
{"message":"service: UserService, method: getUsers, params: { limit: undefined, search: }","level":"info"}
{"message":"service: UserService, method: getUsers, params: { limit: undefined, search: }","level":"info"}
{"message":"service: UserService, method: getUsers, params: { limit: 3, search: 9}","level":"info"}
{"message":"unhandledRejection","level":"error"}
{"message":"unhandledRejection","level":"error"}
{"message":"service: UserService, method: getUsers, params: { limit: 3, search: 9}","level":"info"}
{"message":"service: UserService, method: getUsers, params: { limit: 3, search: 9}","level":"info"}
{"message":"service: UserService, method: getUsers, params: { limit: 3, search: 9}","level":"info"}
{"message":"unhandledRejection","level":"error"}
{"message":"unhandledRejection","level":"error"}
{"message":"service: UserService, method: getUsers, params: { limit: 3, search: 9}","level":"info"}
{"message":"service: UserService, method: getUsers, params: { limit: 3, search: 9}","level":"info"}
{"message":"unhandledRejection","level":"error"}
{"message":"unhandledRejection","level":"error"}
{"message":"service: UserService, method: getUsers, params: { limit: 3, search: 9}","level":"info"}
{"message":"service: UserService, method: getUsers, params: { limit: 3, search: 9}","level":"info"}
{"message":"service: UserService, method: getUsers, params: { limit: 3, search: 9}","level":"info"}
{"message":"unhandledRejection","level":"error"}
{"message":"unhandledRejection","level":"error"}
{"message":"service: UserService, method: getUsers, params: { limit: 3, search: 9}","level":"info"}
{"message":"service: UserService, method: getUsers, params: { limit: 3, search: 9}","level":"info"}
{"message":"unhandledRejection","level":"error"}
{"message":"unhandledRejection","level":"error"}
{"message":"unhandledRejection","level":"error"}
{"message":"unhandledRejection","level":"error"}
{"message":"unhandledRejection","level":"error"}
{"message":"unhandledRejection","level":"error"}
{"message":"service: UserService, method: getUsers, params: { limit: 3, search: 9}","level":"info"}
{"message":"service: UserService, method: getUsers, params: { limit: 3, search: 9}","level":"info"}
{"message":"service: UserService, method: getUsers, params: { limit: 3, search: 9}","level":"info"}
{"message":"service: UserService, method: getUsers, params: { limit: 3, search: 9}","level":"info"}
{"message":"service: UserService, method: getUsers, params: { limit: undefined, search: }","level":"info"}
{"message":"service: UserService, method: getUsers, params: { limit: undefined, search: }","level":"info"}
{"message":"service: UserService, method: getUsers, params: { limit: undefined, search: }","level":"info"}
{"message":"service: UserService, method: getUsers, params: { limit: undefined, search: }","level":"info"}
{"message":"service: UserService, method: getUsers, params: { limit: undefined, search: }","level":"info"}
{"message":"service: UserService, method: getUsers, params: { limit: undefined, search: }","level":"info"}
{"message":"unhandledRejection","level":"error"}
{"message":"unhandledRejection","level":"error"}
{"message":"service: UserService, method: getUsers, params: { limit: undefined, search: }","level":"info"}
{"message":"service: UserService, method: getUsers, params: { limit: undefined, search: }","level":"info"}
{"message":"service: UserService, method: getUsers, params: { limit: undefined, search: }","level":"info"}
{"message":"unhandledRejection","level":"error"}
{"message":"unhandledRejection","level":"error"}
{"message":"service: UserService, method: getUsers, params: { limit: undefined, search: }","level":"info"}
{"message":"service: UserService, method: getUsers, params: { limit: undefined, search: }","level":"info"}
{"message":"service: UserService, method: getUsers, params: { limit: undefined, search: }","level":"info"}
{"message":"unhandledRejection","level":"error"}
{"message":"unhandledRejection","level":"error"}
{"message":"service: UserService, method: getUsers, params: { limit: undefined, search: }","level":"info"}
{"message":"service: UserService, method: getUsers, params: { limit: undefined, search: }","level":"info"}
{"message":"service: UserService, method: getUsers, params: { limit: undefined, search: }","level":"info"}
{"message":"service: UserService, method: getUsers, params: { limit: undefined, search: }","level":"info"}
{"message":"unhandledRejection","level":"error"}
{"message":"unhandledRejection","level":"error"}
{"message":"service: UserService, method: getUsers, params: { limit: undefined, search: }","level":"info"}
{"message":"service: UserService, method: getUsers, params: { limit: undefined, search: }","level":"info"}
{"message":"service: UserService, method: getUsers, params: { limit: undefined, search: }","level":"info"}
{"message":"service: UserService, method: getUsers, params: { limit: undefined, search: }","level":"info"}
{"message":"service: UserService, method: getUsers, params: { limit: undefined, search: }","level":"info"}
{"message":"service: UserService, method: getUsers, params: { limit: undefined, search: }","level":"info"}
{"message":"unhandledRejection","level":"error"}
{"message":"unhandledRejection","level":"error"}
{"message":"unhandledRejection","level":"error"}
{"message":"unhandledRejection","level":"error"}
{"message":"service: UserService, method: getUsers, params: { limit: undefined, search: }","level":"info"}
{"message":"service: UserService, method: getUsers, params: { limit: undefined, search: }","level":"info"}
{"message":"service: UserService, method: getUsers, params: { limit: undefined, search: }","level":"info"}
{"message":"service: UserService, method: getUsers, params: { limit: undefined, search: }","level":"info"}
{"message":"service: UserService, method: getUsers, params: { limit: undefined, search: }","level":"info"}
{"message":"unhandledRejection","level":"error"}
{"message":"unhandledRejection","level":"error"}
{"message":"service: UserService, method: getUsers, params: { limit: undefined, search: }","level":"info"}
{"message":"service: UserService, method: getUsers, params: { limit: undefined, search: }","level":"info"}
{"message":"service: UserService, method: getUsers, params: { limit: undefined, search: }","level":"info"}
{"message":"unhandledRejection","level":"error"}
{"message":"unhandledRejection","level":"error"}
{"message":"unhandledRejection","level":"error"}
{"message":"unhandledRejection","level":"error"}
{"message":"service: UserService, method: getUsers, params: { limit: undefined, search: }","level":"info"}
{"message":"service: UserService, method: getUsers, params: { limit: undefined, search: }","level":"info"}
{"message":"unhandledRejection","level":"error"}
{"message":"unhandledRejection","level":"error"}
{"message":"service: UserService, method: getUsers, params: { limit: undefined, search: }","level":"info"}
{"message":"service: UserService, method: getUsers, params: { limit: undefined, search: }","level":"info"}
{"message":"service: UserService, method: getUsers, params: { limit: undefined, search: }","level":"info"}
{"message":"service: UserService, method: getUsers, params: { limit: undefined, search: }","level":"info"}
{"message":"unhandledRejection","level":"error"}
{"message":"unhandledRejection","level":"error"}
{"message":"service: UserService, method: getUsers, params: { limit: undefined, search: }","level":"info"}
{"message":"unhandledRejection","level":"error"}
{"message":"unhandledRejection","level":"error"}
{"message":"unhandledRejection","level":"error"}
{"message":"unhandledRejection","level":"error"}
{"message":"service: UserService, method: getUsers, params: { limit: undefined, search: }","level":"info"}
{"message":"service: UserService, method: getUsers, params: { limit: undefined, search: }","level":"info"}
{"message":"unhandledRejection","level":"error"}
{"message":"unhandledRejection","level":"error"}
{"message":"service: UserService, method: getUsers, params: { limit: undefined, search: }","level":"info"}
{"message":"service: UserService, method: getUsers, params: { limit: undefined, search: }","level":"info"}
{"message":"unhandledRejection","level":"error"}
{"message":"unhandledRejection","level":"error"}
{"message":"service: UserService, method: getUsers, params: { limit: undefined, search: }","level":"info"}
{"message":"service: UserService, method: getUsers, params: { limit: undefined, search: }","level":"info"}
{"message":"service: UserService, method: getUsers, params: { limit: undefined, search: }","level":"info"}
{"message":"service: UserService, method: getUsers, params: { limit: undefined, search: }","level":"info"}
{"message":"unhandledRejection","level":"error"}
{"message":"unhandledRejection","level":"error"}
{"message":"service: UserService, method: getUsers, params: { limit: undefined, search: }","level":"info"}
{"message":"service: UserService, method: getUsers, params: { limit: undefined, search: }","level":"info"}
{"message":"service: UserService, method: getUsers, params: { limit: 3, search: 9}","level":"info"}
{"message":"service: UserService, method: getUsers, params: { limit: 3, search: 9}","level":"info"}
{"message":"service: UserService, method: getUsers, params: { limit: 3, search: 9}","level":"info"}
{"message":"unhandledRejection","level":"error"}
{"message":"unhandledRejection","level":"error"}
{"message":"service: UserService, method: getUsers, params: { limit: 3, search: 9}","level":"info"}
{"message":"service: UserService, method: getUsers, params: { limit: 3, search: 9}","level":"info"}
{"message":"service: UserService, method: getUsers, params: { limit: 3, search: 9}","level":"info"}
{"message":"unhandledRejection","level":"error"}
{"message":"unhandledRejection","level":"error"}
{"message":"service: UserService, method: getUsers, params: { limit: 3, search: 9}","level":"info"}
{"message":"service: UserService, method: getUsers, params: { limit: 3, search: 9}","level":"info"}
{"message":"service: UserService, method: getUsers, params: { limit: 3, search: 9}","level":"info"}
{"message":"service: UserService, method: getUsers, params: { limit: 3, search: 9}","level":"info"}
{"message":"service: UserService, method: getUsers, params: { limit: 3, search: 9}","level":"info"}
{"message":"service: UserService, method: getUsers, params: { limit: 3, search: 9}","level":"info"}
{"message":"unhandledRejection","level":"error"}
{"message":"unhandledRejection","level":"error"}
{"message":"service: UserService, method: getUsers, params: { limit: 3, search: 9}","level":"info"}
{"message":"service: UserService, method: getUsers, params: { limit: 3, search: 9}","level":"info"}
{"message":"method: GET, originalUrl: /user/1, error: unknown route","level":"error"}
{"message":"method: GET, originalUrl: /user/1, error: unknown route","level":"error"}
{"message":"method: GET, originalUrl: /user/1, error: unknown route","level":"error"}
{"message":"service: UserService, method: getUsers, params: { limit: 3, search: 9}","level":"info"}
{"message":"service: UserService, method: getUsersById, params: id: 1","level":"info"}
{"message":"service: UserService, method: getUsersById, params: id: 1","level":"info"}
{"message":"unhandledRejection","level":"error"}
{"message":"unhandledRejection","level":"error"}
{"message":"service: GroupService, method: getGroupById, params: id: e7f0949a-e9de-4a7d-981d-0f9c56d2cc38","level":"info"}
{"message":"service: GroupService, method: getGroupById, params: id: e7f0949a-e9de-4a7d-981d-0f9c56d2cc38, message: Cannot find group with id e7f0949a-e9de-4a7d-981d-0f9c56d2cc38. Maybe group was not found!","level":"error"}
{"message":"service: GroupService, method: getGroupById, params: id: e7f0949a-e9de-4a7d-981d-0f9c56d2cc38","level":"info"}
{"message":"service: GroupService, method: getGroupById, params: id: e7f0949a-e9de-4a7d-981d-0f9c56d2cc38, message: Cannot find group with id e7f0949a-e9de-4a7d-981d-0f9c56d2cc38. Maybe group was not found!","level":"error"}
{"message":"service: GroupService, method: getGroups, params: {}","level":"info"}
{"message":"method: GET, originalUrl: /groups/7ef6ba77-88b2-4eca-870b-32d78d6e9b6a/users2/1,2,3,b6404641-7066-4428-8804-2032587a0cc1, error: unknown route","level":"error"}
{"message":"unhandledRejection","level":"error"}
{"message":"unhandledRejection","level":"error"}
{"message":"unhandledRejection","level":"error"}
{"message":"unhandledRejection","level":"error"}
{"message":"unhandledRejection","level":"error"}
{"message":"unhandledRejection","level":"error"}
{"message":"service: UserService, method: getUsers, params: { limit: 3, search: 9}","level":"info"}
{"message":"unhandledRejection","level":"error"}
{"message":"unhandledRejection","level":"error"}
{"message":"unhandledRejection","level":"error"}
{"message":"unhandledRejection","level":"error"}
{"message":"unhandledRejection","level":"error"}
{"message":"unhandledRejection","level":"error"}
{"message":"unhandledRejection","level":"error"}
{"message":"unhandledRejection","level":"error"}
{"message":"unhandledRejection","level":"error"}
{"message":"unhandledRejection","level":"error"}
{"message":"unhandledRejection","level":"error"}
{"message":"unhandledRejection","level":"error"}
{"message":"unhandledRejection","level":"error"}
{"message":"unhandledRejection","level":"error"}
{"message":"unhandledRejection","level":"error"}
{"message":"unhandledRejection","level":"error"}
{"message":"method: POST, originalUrl: /user, error: unknown route","level":"error"}
{"message":"service: UserService, method: createUser, params: [object Object]","level":"info"}
{"message":"method: POST, originalUrl: /user, error: unknown route","level":"error"}
{"message":"method: POST, originalUrl: /user, error: unknown route","level":"error"}
{"message":"method: POST, originalUrl: /login, error: unknown route","level":"error"}
{"message":"unhandledRejection","level":"error"}
{"message":"unhandledRejection","level":"error"}
{"message":"unhandledRejection","level":"error"}
{"message":"unhandledRejection","level":"error"}
{"message":"unhandledRejection","level":"error"}
{"message":"unhandledRejection","level":"error"}
{"message":"unhandledRejection","level":"error"}
{"message":"unhandledRejection","level":"error"}
{"message":"unhandledRejection","level":"error"}
{"message":"unhandledRejection","level":"error"}
{"message":"unhandledRejection","level":"error"}
{"message":"unhandledRejection","level":"error"}
{"message":"unhandledRejection","level":"error"}
{"message":"unhandledRejection","level":"error"}
{"message":"unhandledRejection","level":"error"}
{"message":"unhandledRejection","level":"error"}
{"message":"unhandledRejection","level":"error"}
{"message":"unhandledRejection","level":"error"}
{"message":"service: UserService, method: getUser, params: { login: 1111, password: ffffffffff1}","level":"info"}
{"message":"service: UserService, method: getUser, params: { login: 1111, password: ffffffffff1}, message: Some error occurred while getting the user.","level":"error"}
{"message":"unhandledRejection","level":"error"}
{"message":"unhandledRejection","level":"error"}
{"message":"service: UserService, method: getUser, params: { login: 1111, password: ffffffffff1}","level":"info"}
{"message":"service: UserService, method: getUser, params: { login: 1111, password: ffffffffff1}, message: Some error occurred while getting the user.","level":"error"}
{"message":"unhandledRejection","level":"error"}
{"message":"unhandledRejection","level":"error"}
{"message":"service: UserService, method: getUser, params: { login: 1111, password: ffffffffff1}","level":"info"}
{"message":"service: UserService, method: getUser, params: { login: 1111, password: ffffffffff1}, message: Some error occurred while getting the user.","level":"error"}
{"message":"service: UserService, method: getUser, params: { login: 1111, password: ffffffffff1}","level":"info"}
{"message":"service: UserService, method: getUser, params: { login: 1111, password: ffffffffff1}, message: Some error occurred while getting the user.","level":"error"}
{"message":"unhandledRejection","level":"error"}
{"message":"unhandledRejection","level":"error"}
{"message":"unhandledRejection","level":"error"}
{"message":"unhandledRejection","level":"error"}
{"message":"service: UserService, method: getUser, params: { login: 1111, password: ffffffffff1}","level":"info"}
{"message":"unhandledRejection","level":"error"}
{"message":"unhandledRejection","level":"error"}
{"message":"service: UserService, method: getUser, params: { login: 1111, password: ffffffffff1}","level":"info"}
{"message":"unhandledRejection","level":"error"}
{"message":"unhandledRejection","level":"error"}
{"message":"service: UserService, method: getUser, params: { login: 1111, password: ffffffffff1}","level":"info"}
{"message":"service: UserService, method: getUser, params: { login: 1111, password: ffffffffff1}, message: Some error occurred while getting the user.","level":"error"}
{"message":"unhandledRejection","level":"error"}
{"message":"unhandledRejection","level":"error"}
{"message":"unhandledRejection","level":"error"}
{"message":"unhandledRejection","level":"error"}
{"message":"service: UserService, method: getUser, params: { login: 1111, password: ffffffffff1}","level":"info"}
{"message":"service: UserService, method: getUser, params: { login: 1111, password: ffffffffff1}, message: Some error occurred while getting the user.","level":"error"}
{"message":"unhandledRejection","level":"error"}
{"message":"unhandledRejection","level":"error"}
{"message":"service: UserService, method: getUser, params: { login: 1111, password: ffffffffff1}","level":"info"}
{"message":"service: UserService, method: getUser, params: { login: 1111, password: ffffffffff1}, message: Some error occurred while getting the user.","level":"error"}
{"message":"unhandledRejection","level":"error"}
{"message":"unhandledRejection","level":"error"}
{"message":"unhandledRejection","level":"error"}
{"message":"unhandledRejection","level":"error"}
{"message":"service: UserService, method: getUser, params: { login: 1111, password: ffffffffff1}","level":"info"}
{"message":"unhandledRejection","level":"error"}
{"message":"unhandledRejection","level":"error"}
{"message":"service: UserService, method: getUser, params: { login: 1111, password: ffffffffff1}","level":"info"}
{"message":"unhandledRejection","level":"error"}
{"message":"unhandledRejection","level":"error"}
{"message":"unhandledRejection","level":"error"}
{"message":"unhandledRejection","level":"error"}
{"message":"service: UserService, method: getUser, params: { login: 1111, password: ffffffffff1}","level":"info"}
{"message":"service: UserService, method: getUsers, params: { limit: 10, search: o}","level":"info"}
{"message":"unhandledRejection","level":"error"}
{"message":"unhandledRejection","level":"error"}
{"message":"unhandledRejection","level":"error"}
{"message":"unhandledRejection","level":"error"}
{"message":"unhandledRejection","level":"error"}
{"message":"unhandledRejection","level":"error"}
{"message":"unhandledRejection","level":"error"}
{"message":"unhandledRejection","level":"error"}
{"message":"unhandledRejection","level":"error"}
{"message":"unhandledRejection","level":"error"}
{"message":"unhandledRejection","level":"error"}
{"message":"unhandledRejection","level":"error"}
{"message":"service: UserService, method: getUser, params: { login: 1111, password: ffffffffff1}","level":"info"}
{"message":"service: UserService, method: getUsersById, params: id: 1","level":"info"}
{"message":"service: UserService, method: getUsers, params: { limit: undefined, search: }","level":"info"}
{"message":"service: UserService, method: getUsers, params: { limit: undefined, search: }","level":"info"}
{"message":"service: UserService, method: getUsers, params: { limit: undefined, search: }","level":"info"}
{"message":"service: UserService, method: getUsers, params: { limit: undefined, search: }","level":"info"}
{"message":"service: UserService, method: getUsers, params: { limit: undefined, search: }","level":"info"}
{"message":"service: UserService, method: getUsers, params: { limit: undefined, search: }","level":"info"}
{"message":"service: UserService, method: getUsers, params: { limit: undefined, search: }","level":"info"}
{"message":"service: UserService, method: getUsers, params: { limit: undefined, search: }","level":"info"}
{"message":"service: UserService, method: getUsers, params: { limit: undefined, search: }","level":"info"}
{"message":"service: UserService, method: getUsers, params: { limit: undefined, search: }","level":"info"}
{"message":"service: UserService, method: getUsers, params: { limit: undefined, search: }","level":"info"}
{"message":"service: UserService, method: getUsers, params: { limit: 1, search: }","level":"info"}
{"message":"service: UserService, method: getUsers, params: { limit: 1, search: }","level":"info"}
{"message":"service: UserService, method: getUsers, params: { limit: 1, search: }","level":"info"}
{"message":"service: UserService, method: getUsers, params: { limit: 1, search: }","level":"info"}
{"message":"service: UserService, method: getUsers, params: { limit: undefined, search: }","level":"info"}
{"message":"service: UserService, method: getUsers, params: { limit: undefined, search: }","level":"info"}
{"message":"service: UserService, method: getUsers, params: { limit: undefined, search: }","level":"info"}
{"message":"service: UserService, method: getUsers, params: { limit: undefined, search: }","level":"info"}
{"message":"service: UserService, method: getUsers, params: { limit: undefined, search: }","level":"info"}
{"message":"service: UserService, method: getUsers, params: { limit: undefined, search: }","level":"info"}
{"message":"service: UserService, method: getUsers, params: { limit: undefined, search: }","level":"info"}
{"message":"service: UserService, method: getUsers, params: { limit: undefined, search: }","level":"info"}
{"message":"service: UserService, method: getUsers, params: { limit: undefined, search: }","level":"info"}
{"message":"service: UserService, method: getUsers, params: { limit: undefined, search: }","level":"info"}
{"message":"service: UserService, method: getUsers, params: { limit: undefined, search: }","level":"info"}
{"message":"service: UserService, method: getUsers, params: { limit: undefined, search: }","level":"info"}
{"message":"service: UserService, method: getUsers, params: { limit: undefined, search: }","level":"info"}
{"message":"service: UserService, method: getUsers, params: { limit: undefined, search: }","level":"info"}
{"message":"service: UserService, method: getUsers, params: { limit: undefined, search: }","level":"info"}
{"message":"service: UserService, method: getUsers, params: { limit: undefined, search: }","level":"info"}
{"message":"service: UserService, method: getUsers, params: { limit: undefined, search: }","level":"info"}
{"message":"service: UserService, method: getUsers, params: { limit: undefined, search: }","level":"info"}
{"message":"service: UserService, method: getUsers, params: { limit: undefined, search: }","level":"info"}
{"message":"service: UserService, method: getUsers, params: { limit: undefined, search: }","level":"info"}
{"message":"service: UserService, method: getUsers, params: { limit: undefined, search: }","level":"info"}
{"message":"service: UserService, method: getUsers, params: { limit: undefined, search: }","level":"info"}
{"message":"service: UserService, method: getUsers, params: { limit: undefined, search: }","level":"info"}
{"message":"service: UserService, method: getUsers, params: { limit: undefined, search: }","level":"info"}
{"message":"service: UserService, method: getUsers, params: { limit: undefined, search: }","level":"info"}
{"message":"service: UserService, method: getUsers, params: { limit: undefined, search: }","level":"info"}
{"message":"service: UserService, method: getUsers, params: { limit: undefined, search: }","level":"info"}
{"message":"service: UserService, method: getUsers, params: { limit: undefined, search: }","level":"info"}
{"message":"service: UserService, method: getUsers, params: { limit: undefined, search: }","level":"info"}
{"message":"service: UserService, method: getUsers, params: { limit: undefined, search: }","level":"info"}
{"message":"service: UserService, method: getUsers, params: { limit: undefined, search: }","level":"info"}
{"message":"service: UserService, method: getUsers, params: { limit: undefined, search: }","level":"info"}
{"message":"service: UserService, method: getUsers, params: { limit: undefined, search: }","level":"info"}
{"message":"service: UserService, method: getUsers, params: { limit: undefined, search: }","level":"info"}
{"message":"service: UserService, method: getUsers, params: { limit: undefined, search: }","level":"info"}
{"message":"service: UserService, method: getUsers, params: { limit: undefined, search: }","level":"info"}
{"message":"service: UserService, method: getUsers, params: { limit: undefined, search: }","level":"info"}
{"message":"service: UserService, method: getUsers, params: { limit: undefined, search: }","level":"info"}
{"message":"service: UserService, method: getUsers, params: { limit: undefined, search: }","level":"info"}
{"message":"service: UserService, method: getUsers, params: { limit: undefined, search: }","level":"info"}
{"message":"service: UserService, method: getUsers, params: { limit: undefined, search: }","level":"info"}
{"message":"service: UserService, method: getUsers, params: { limit: undefined, search: }","level":"info"}
{"message":"service: UserService, method: getUsersById, params: id: 1","level":"info"}
{"message":"service: UserService, method: getUsers, params: { limit: undefined, search: }","level":"info"}
{"message":"service: UserService, method: getUsersById, params: id: 1","level":"info"}
{"message":"service: UserService, method: getUsers, params: { limit: undefined, search: }","level":"info"}
{"message":"service: UserService, method: getUsersById, params: id: 1","level":"info"}
{"message":"service: UserService, method: getUsers, params: { limit: undefined, search: }","level":"info"}
{"message":"service: UserService, method: getUsersById, params: id: 1","level":"info"}
{"message":"service: UserService, method: getUsers, params: { limit: undefined, search: }","level":"info"}
{"message":"service: UserService, method: getUsersById, params: id: 1","level":"info"}
{"message":"service: UserService, method: updateUser, params: undefined, id: 1","level":"info"}
{"message":"service: UserService, method: updateUser, params: undefined, id: 1, message: Cannot update user with id 1. Maybe user was not found or req.body is empty!","level":"error"}
{"message":"service: UserService, method: getUsers, params: { limit: undefined, search: }","level":"info"}
{"message":"service: UserService, method: getUsersById, params: id: 1","level":"info"}
{"message":"service: UserService, method: updateUser, params: undefined, id: 1","level":"info"}
{"message":"service: UserService, method: updateUser, params: undefined, id: 1, message: Cannot update user with id 1. Maybe user was not found or req.body is empty!","level":"error"}
{"message":"service: UserService, method: getUsers, params: { limit: undefined, search: }","level":"info"}
{"message":"service: UserService, method: getUsersById, params: id: 1","level":"info"}
{"message":"service: UserService, method: updateUser, params: undefined, id: 1","level":"info"}
{"message":"service: UserService, method: updateUser, params: undefined, id: 1, message: Cannot update user with id 1. Maybe user was not found or req.body is empty!","level":"error"}
{"message":"service: UserService, method: getUsers, params: { limit: undefined, search: }","level":"info"}
{"message":"service: UserService, method: getUsersById, params: id: 1","level":"info"}
{"message":"service: UserService, method: updateUser, params: undefined, id: 1","level":"info"}
{"message":"service: UserService, method: getUsers, params: { limit: undefined, search: }","level":"info"}
{"message":"service: UserService, method: getUsersById, params: id: 1","level":"info"}
{"message":"service: UserService, method: updateUser, params: undefined, id: 1","level":"info"}
{"message":"service: UserService, method: getUsers, params: { limit: undefined, search: }","level":"info"}
{"message":"service: UserService, method: getUsersById, params: id: 1","level":"info"}
{"message":"service: UserService, method: updateUser, params: undefined, id: 1","level":"info"}
{"message":"service: UserService, method: getUsers, params: { limit: undefined, search: }","level":"info"}
{"message":"service: UserService, method: getUsersById, params: id: 1","level":"info"}
{"message":"service: UserService, method: updateUser, params: undefined, id: 1","level":"info"}
{"message":"service: UserService, method: getUsers, params: { limit: undefined, search: }","level":"info"}
{"message":"service: UserService, method: getUsersById, params: id: 1","level":"info"}
{"message":"service: UserService, method: updateUser, params: undefined, id: 1","level":"info"}
{"message":"service: UserService, method: getUsers, params: { limit: undefined, search: }","level":"info"}
{"message":"service: UserService, method: getUsersById, params: id: 1","level":"info"}
{"message":"service: UserService, method: updateUser, params: undefined, id: 1","level":"info"}
{"message":"service: UserService, method: getUsers, params: { limit: undefined, search: }","level":"info"}
{"message":"service: UserService, method: getUsersById, params: id: 1","level":"info"}
{"message":"service: UserService, method: updateUser, params: undefined, id: 1","level":"info"}
{"message":"service: UserService, method: getUsers, params: { limit: undefined, search: }","level":"info"}
{"message":"service: UserService, method: getUsersById, params: id: 1","level":"info"}
{"message":"service: UserService, method: updateUser, params: undefined, id: 1","level":"info"}
{"message":"service: UserService, method: getUsers, params: { limit: undefined, search: }","level":"info"}
{"message":"service: UserService, method: getUsersById, params: id: 1","level":"info"}
{"message":"service: UserService, method: updateUser, params: undefined, id: 1","level":"info"}
{"message":"service: UserService, method: getUsers, params: { limit: undefined, search: }","level":"info"}
{"message":"service: UserService, method: getUsersById, params: id: 1","level":"info"}
{"message":"service: UserService, method: updateUser, params: undefined, id: 1","level":"info"}
{"message":"service: UserService, method: getUsers, params: { limit: undefined, search: }","level":"info"}
{"message":"service: UserService, method: getUsersById, params: id: 1","level":"info"}
{"message":"service: UserService, method: updateUser, params: undefined, id: 1","level":"info"}
{"message":"service: UserService, method: getUsers, params: { limit: undefined, search: }","level":"info"}
{"message":"service: UserService, method: getUsersById, params: id: 1","level":"info"}
{"message":"service: UserService, method: updateUser, params: undefined, id: 1","level":"info"}
{"message":"service: UserService, method: getUsers, params: { limit: undefined, search: }","level":"info"}
{"message":"service: UserService, method: getUsersById, params: id: 1","level":"info"}
{"message":"service: UserService, method: updateUser, params: undefined, id: 1","level":"info"}
{"message":"service: UserService, method: getUsers, params: { limit: undefined, search: }","level":"info"}
{"message":"service: UserService, method: getUsersById, params: id: 1","level":"info"}
{"message":"service: UserService, method: updateUser, params: undefined, id: 1","level":"info"}
{"message":"service: UserService, method: createUser, params: undefined","level":"info"}
{"message":"service: UserService, method: getUsers, params: { limit: undefined, search: }","level":"info"}
{"message":"service: UserService, method: getUsersById, params: id: 1","level":"info"}
{"message":"service: UserService, method: updateUser, params: undefined, id: 1","level":"info"}
{"message":"service: UserService, method: createUser, params: undefined","level":"info"}
{"message":"service: UserService, method: getUsers, params: { limit: undefined, search: }","level":"info"}
{"message":"service: UserService, method: getUsersById, params: id: 1","level":"info"}
{"message":"service: UserService, method: updateUser, params: undefined, id: 1","level":"info"}
{"message":"service: UserService, method: createUser, params: undefined","level":"info"}
{"message":"service: UserService, method: getUsers, params: { limit: undefined, search: }","level":"info"}
{"message":"service: UserService, method: getUsersById, params: id: 1","level":"info"}
{"message":"service: UserService, method: updateUser, params: undefined, id: 1","level":"info"}
{"message":"service: UserService, method: createUser, params: undefined","level":"info"}
{"message":"service: UserService, method: deleteUser, params: undefined, id: 1","level":"info"}
{"message":"service: UserService, method: getUsers, params: { limit: undefined, search: }","level":"info"}
{"message":"service: UserService, method: getUsersById, params: id: 1","level":"info"}
{"message":"service: UserService, method: updateUser, params: undefined, id: 1","level":"info"}
{"message":"service: UserService, method: createUser, params: undefined","level":"info"}
{"message":"service: UserService, method: deleteUser, params: undefined, id: 1","level":"info"}
{"message":"service: UserService, method: getUsers, params: { limit: undefined, search: }","level":"info"}
{"message":"service: UserService, method: getUsersById, params: id: 1","level":"info"}
{"message":"service: UserService, method: updateUser, params: undefined, id: 1","level":"info"}
{"message":"service: UserService, method: createUser, params: undefined","level":"info"}
{"message":"service: UserService, method: deleteUser, params: undefined, id: 1","level":"info"}
{"message":"service: UserService, method: getUsers, params: { limit: undefined, search: }","level":"info"}
{"message":"service: UserService, method: getUsersById, params: id: 1","level":"info"}
{"message":"service: UserService, method: updateUser, params: undefined, id: 1","level":"info"}
{"message":"service: UserService, method: createUser, params: undefined","level":"info"}
{"message":"service: UserService, method: deleteUser, params: undefined, id: 1","level":"info"}
{"message":"service: UserService, method: deleteUser, params: undefined, id: undefined","level":"info"}
{"message":"service: UserService, method: getUsers, params: { limit: undefined, search: }","level":"info"}
{"message":"service: UserService, method: getUsersById, params: id: 1","level":"info"}
{"message":"service: UserService, method: updateUser, params: undefined, id: 1","level":"info"}
{"message":"service: UserService, method: createUser, params: undefined","level":"info"}
{"message":"service: UserService, method: deleteUser, params: undefined, id: 1","level":"info"}
{"message":"service: UserService, method: getUsers, params: { limit: undefined, search: }","level":"info"}
{"message":"service: UserService, method: getUsersById, params: id: 1","level":"info"}
{"message":"service: UserService, method: updateUser, params: undefined, id: 1","level":"info"}
{"message":"service: UserService, method: createUser, params: undefined","level":"info"}
{"message":"service: UserService, method: deleteUser, params: undefined, id: 1","level":"info"}
{"message":"service: UserService, method: getUsers, params: { limit: undefined, search: }","level":"info"}
{"message":"service: UserService, method: getUsersById, params: id: 1","level":"info"}
{"message":"service: UserService, method: updateUser, params: undefined, id: 1","level":"info"}
{"message":"service: UserService, method: createUser, params: undefined","level":"info"}
{"message":"service: UserService, method: deleteUser, params: undefined, id: 1","level":"info"}
{"message":"service: UserService, method: getUsers, params: { limit: undefined, search: }","level":"info"}
{"message":"service: UserService, method: getUsersById, params: id: 1","level":"info"}
{"message":"service: UserService, method: updateUser, params: undefined, id: 1","level":"info"}
{"message":"service: UserService, method: createUser, params: undefined","level":"info"}
{"message":"service: UserService, method: deleteUser, params: undefined, id: 1","level":"info"}
{"message":"service: UserService, method: getUsers, params: { limit: undefined, search: }","level":"info"}
{"message":"service: UserService, method: getUsersById, params: id: 1","level":"info"}
{"message":"service: UserService, method: updateUser, params: undefined, id: 1","level":"info"}
{"message":"service: UserService, method: createUser, params: undefined","level":"info"}
{"message":"service: UserService, method: deleteUser, params: undefined, id: 1","level":"info"}
{"message":"service: UserService, method: getUsers, params: { limit: undefined, search: }","level":"info"}
{"message":"service: UserService, method: getUsersById, params: id: 1","level":"info"}
{"message":"service: UserService, method: updateUser, params: undefined, id: 1","level":"info"}
{"message":"service: UserService, method: createUser, params: undefined","level":"info"}
{"message":"service: UserService, method: deleteUser, params: undefined, id: 1","level":"info"}
{"message":"service: UserService, method: getUsers, params: { limit: undefined, search: }","level":"info"}
{"message":"service: UserService, method: getUsersById, params: id: 1","level":"info"}
{"message":"service: UserService, method: updateUser, params: undefined, id: 1","level":"info"}
{"message":"service: UserService, method: createUser, params: undefined","level":"info"}
{"message":"service: UserService, method: deleteUser, params: undefined, id: 1","level":"info"}
{"message":"service: UserService, method: getUsers, params: { limit: undefined, search: }","level":"info"}
{"message":"service: UserService, method: getUsersById, params: id: 1","level":"info"}
{"message":"service: UserService, method: updateUser, params: undefined, id: 1","level":"info"}
{"message":"service: UserService, method: createUser, params: undefined","level":"info"}
{"message":"service: UserService, method: deleteUser, params: undefined, id: 1","level":"info"}
{"message":"service: UserService, method: getUsers, params: { limit: undefined, search: }","level":"info"}
{"message":"service: UserService, method: getUsersById, params: id: 1","level":"info"}
{"message":"service: UserService, method: updateUser, params: undefined, id: 1","level":"info"}
{"message":"service: UserService, method: createUser, params: undefined","level":"info"}
{"message":"service: UserService, method: deleteUser, params: undefined, id: 1","level":"info"}
{"message":"service: UserService, method: getUsers, params: { limit: undefined, search: }","level":"info"}
{"message":"service: UserService, method: getUsersById, params: id: 1","level":"info"}
{"message":"service: UserService, method: updateUser, params: undefined, id: 1","level":"info"}
{"message":"service: UserService, method: createUser, params: undefined","level":"info"}
{"message":"service: UserService, method: deleteUser, params: undefined, id: 1","level":"info"}
{"message":"service: UserService, method: getUsers, params: { limit: undefined, search: }","level":"info"}
{"message":"service: UserService, method: getUsersById, params: id: 1","level":"info"}
{"message":"service: UserService, method: updateUser, params: undefined, id: 1","level":"info"}
{"message":"service: UserService, method: createUser, params: undefined","level":"info"}
{"message":"service: UserService, method: deleteUser, params: undefined, id: 1","level":"info"}
{"message":"service: UserService, method: getUsers, params: { limit: undefined, search: }","level":"info"}
{"message":"service: UserService, method: getUsersById, params: id: 1","level":"info"}
{"message":"service: UserService, method: updateUser, params: undefined, id: 1","level":"info"}
{"message":"service: UserService, method: createUser, params: undefined","level":"info"}
{"message":"service: UserService, method: deleteUser, params: undefined, id: 1","level":"info"}
{"message":"service: UserService, method: getUser, params: { login: undefined, password: undefined}","level":"info"}
{"message":"service: UserService, method: getUsers, params: { limit: undefined, search: }","level":"info"}
{"message":"service: UserService, method: getUsersById, params: id: 1","level":"info"}
{"message":"service: UserService, method: updateUser, params: undefined, id: 1","level":"info"}
{"message":"service: UserService, method: createUser, params: undefined","level":"info"}
{"message":"service: UserService, method: deleteUser, params: undefined, id: 1","level":"info"}
{"message":"service: UserService, method: getUser, params: { login: undefined, password: undefined}","level":"info"}
{"message":"service: UserService, method: getUsers, params: { limit: undefined, search: }","level":"info"}
{"message":"service: UserService, method: getUsersById, params: id: 1","level":"info"}
{"message":"service: UserService, method: updateUser, params: undefined, id: 1","level":"info"}
{"message":"service: UserService, method: createUser, params: undefined","level":"info"}
{"message":"service: UserService, method: deleteUser, params: undefined, id: 1","level":"info"}
{"message":"service: UserService, method: getUser, params: { login: Jhon Dou, password: 12345}","level":"info"}
{"message":"service: UserService, method: getUsers, params: { limit: undefined, search: }","level":"info"}
{"message":"service: UserService, method: getUsersById, params: id: 1","level":"info"}
{"message":"service: UserService, method: updateUser, params: undefined, id: 1","level":"info"}
{"message":"service: UserService, method: createUser, params: undefined","level":"info"}
{"message":"service: UserService, method: deleteUser, params: undefined, id: 1","level":"info"}
{"message":"service: UserService, method: getUser, params: { login: Jhon Dou, password: 12345}","level":"info"}
{"message":"service: UserService, method: getUsers, params: { limit: undefined, search: }","level":"info"}
{"message":"service: UserService, method: getUsersById, params: id: 1","level":"info"}
{"message":"service: UserService, method: updateUser, params: undefined, id: 1","level":"info"}
{"message":"service: UserService, method: createUser, params: undefined","level":"info"}
{"message":"service: UserService, method: deleteUser, params: undefined, id: 1","level":"info"}
{"message":"service: UserService, method: getUser, params: { login: Jhon Dou, password: 12345}","level":"info"}
{"message":"service: UserService, method: getUsers, params: { limit: undefined, search: }","level":"info"}
{"message":"service: UserService, method: getUsersById, params: id: 1","level":"info"}
{"message":"service: UserService, method: updateUser, params: undefined, id: 1","level":"info"}
{"message":"service: UserService, method: createUser, params: undefined","level":"info"}
{"message":"service: UserService, method: deleteUser, params: undefined, id: 1","level":"info"}
{"message":"service: UserService, method: getUser, params: { login: Jhon Dou, password: 12345}","level":"info"}
{"message":"service: UserService, method: getUsers, params: { limit: undefined, search: }","level":"info"}
{"message":"service: UserService, method: getUsersById, params: id: 1","level":"info"}
{"message":"service: UserService, method: updateUser, params: undefined, id: 1","level":"info"}
{"message":"service: UserService, method: createUser, params: undefined","level":"info"}
{"message":"service: UserService, method: deleteUser, params: undefined, id: 1","level":"info"}
{"message":"service: UserService, method: getUser, params: { login: Jhon Dou, password: 12345}","level":"info"}
{"message":"service: UserService, method: getUsers, params: { limit: undefined, search: }","level":"info"}
{"message":"service: UserService, method: getUsersById, params: id: 1","level":"info"}
{"message":"service: UserService, method: updateUser, params: undefined, id: 1","level":"info"}
{"message":"service: UserService, method: createUser, params: undefined","level":"info"}
{"message":"service: UserService, method: deleteUser, params: undefined, id: 1","level":"info"}
{"message":"service: UserService, method: getUser, params: { login: Jhon Dou, password: 12345}","level":"info"}
{"message":"service: UserService, method: getUsers, params: { limit: undefined, search: }","level":"info"}
{"message":"service: UserService, method: getUsersById, params: id: 1","level":"info"}
{"message":"service: UserService, method: updateUser, params: undefined, id: 1","level":"info"}
{"message":"service: UserService, method: createUser, params: undefined","level":"info"}
{"message":"service: UserService, method: deleteUser, params: undefined, id: 1","level":"info"}
{"message":"service: UserService, method: getUser, params: { login: Jhon Dou, password: 12345}","level":"info"}
{"message":"service: UserService, method: getUsers, params: { limit: undefined, search: }","level":"info"}
{"message":"service: UserService, method: getUsersById, params: id: 1","level":"info"}
{"message":"service: UserService, method: updateUser, params: undefined, id: 1","level":"info"}
{"message":"service: UserService, method: createUser, params: undefined","level":"info"}
{"message":"service: UserService, method: deleteUser, params: undefined, id: 1","level":"info"}
{"message":"service: UserService, method: getUser, params: { login: Jhon Dou, password: 12345}","level":"info"}
{"message":"service: UserService, method: getUsers, params: { limit: undefined, search: }","level":"info"}
{"message":"service: UserService, method: getUsersById, params: id: 1","level":"info"}
{"message":"service: UserService, method: updateUser, params: undefined, id: 1","level":"info"}
{"message":"service: UserService, method: createUser, params: undefined","level":"info"}
{"message":"service: UserService, method: deleteUser, params: undefined, id: 1","level":"info"}
{"message":"service: UserService, method: getUser, params: { login: Jhon Dou, password: 12345}","level":"info"}
{"message":"service: UserService, method: getUsers, params: { limit: undefined, search: }","level":"info"}
{"message":"service: UserService, method: getUsersById, params: id: 1","level":"info"}
{"message":"service: UserService, method: updateUser, params: undefined, id: 1","level":"info"}
{"message":"service: UserService, method: createUser, params: undefined","level":"info"}
{"message":"service: UserService, method: deleteUser, params: undefined, id: 1","level":"info"}
{"message":"service: UserService, method: getUser, params: { login: Jhon Dou, password: 12345}","level":"info"}
{"message":"service: GroupService, method: getGroups, params: {}","level":"info"}
{"message":"service: GroupService, method: getGroups, params: {}","level":"info"}
{"message":"service: GroupService, method: getGroups, params: {}","level":"info"}
{"message":"service: GroupService, method: getGroupById, params: id: 1","level":"info"}
{"message":"service: GroupService, method: getGroups, params: {}","level":"info"}
{"message":"service: GroupService, method: getGroupById, params: id: 1","level":"info"}
{"message":"service: GroupService, method: updateGroup, params: undefined, id: 1","level":"info"}
{"message":"service: GroupService, method: getGroups, params: {}","level":"info"}
{"message":"service: GroupService, method: getGroupById, params: id: 1","level":"info"}
{"message":"service: GroupService, method: updateGroup, params: undefined, id: 1","level":"info"}
{"message":"service: GroupService, method: createGroup, params: undefined","level":"info"}
{"message":"service: GroupService, method: getGroups, params: {}","level":"info"}
{"message":"service: GroupService, method: getGroupById, params: id: 1","level":"info"}
{"message":"service: GroupService, method: updateGroup, params: undefined, id: 1","level":"info"}
{"message":"service: GroupService, method: createGroup, params: undefined","level":"info"}
{"message":"service: GroupService, method: getGroups, params: {}","level":"info"}
{"message":"service: GroupService, method: getGroupById, params: id: 1","level":"info"}
{"message":"service: GroupService, method: updateGroup, params: undefined, id: 1","level":"info"}
{"message":"service: GroupService, method: createGroup, params: undefined","level":"info"}
{"message":"service: GroupService, method: delateGroup, params: id: 1","level":"info"}
{"message":"service: GroupService, method: getGroups, params: {}","level":"info"}
{"message":"service: GroupService, method: getGroupById, params: id: 1","level":"info"}
{"message":"service: GroupService, method: updateGroup, params: undefined, id: 1","level":"info"}
{"message":"service: GroupService, method: createGroup, params: undefined","level":"info"}
{"message":"service: GroupService, method: delateGroup, params: id: 1","level":"info"}
{"message":"service: GroupService, method: getGroups, params: {}","level":"info"}
{"message":"service: GroupService, method: getGroupById, params: id: 1","level":"info"}
{"message":"service: GroupService, method: updateGroup, params: undefined, id: 1","level":"info"}
{"message":"service: GroupService, method: createGroup, params: undefined","level":"info"}
{"message":"service: GroupService, method: delateGroup, params: id: 1","level":"info"}
{"message":"service: GroupService, method: getGroups, params: { groupId: 1, userIds: 1}","level":"info"}
{"message":"service: GroupService, method: getGroups, params: {}","level":"info"}
{"message":"service: GroupService, method: getGroupById, params: id: 1","level":"info"}
{"message":"service: GroupService, method: updateGroup, params: undefined, id: 1","level":"info"}
{"message":"service: GroupService, method: createGroup, params: undefined","level":"info"}
{"message":"service: GroupService, method: delateGroup, params: id: 1","level":"info"}
{"message":"service: GroupService, method: getGroups, params: { groupId: 1, userIds: 1}","level":"info"}
{"message":"service: UserService, method: getUsers, params: { limit: undefined, search: }","level":"info"}
{"message":"service: UserService, method: getUsersById, params: id: 1","level":"info"}
{"message":"service: UserService, method: updateUser, params: undefined, id: 1","level":"info"}
{"message":"service: UserService, method: createUser, params: undefined","level":"info"}
{"message":"service: UserService, method: deleteUser, params: undefined, id: 1","level":"info"}
{"message":"service: UserService, method: getUser, params: { login: Jhon Dou, password: 12345}","level":"info"}
