{"message":"unhandledRejection","level":"error"}
{"message":"unhandledRejection","level":"error"}
{"message":"unhandledRejection","level":"error"}
{"message":"unhandledRejection","level":"error"}
{"message":"unhandledRejection","level":"error"}
{"message":"unhandledRejection","level":"error"}
{"message":"method: GET, originalUrl: /groups1, error: unknown route","level":"error"}
{"message":"unhandledRejection","level":"error"}
{"message":"unhandledRejection","level":"error"}
{"message":"unhandledRejection","level":"error"}
{"message":"unhandledRejection","level":"error"}
{"message":"unhandledRejection","level":"error"}
{"message":"unhandledRejection","level":"error"}
{"message":"unhandledRejection","level":"error"}
{"message":"unhandledRejection","level":"error"}
{"message":"unhandledRejection","level":"error"}
{"message":"unhandledRejection","level":"error"}
{"message":"unhandledRejection","level":"error"}
{"message":"unhandledRejection","level":"error"}
{"message":"unhandledRejection","level":"error"}
{"message":"unhandledRejection","level":"error"}
{"message":"unhandledRejection","level":"error"}
{"message":"unhandledRejection","level":"error"}
{"message":"unhandledRejection","level":"error"}
{"message":"unhandledRejection","level":"error"}
{"message":"unhandledRejection","level":"error"}
{"message":"unhandledRejection","level":"error"}
{"message":"unhandledRejection","level":"error"}
{"message":"unhandledRejection","level":"error"}
{"message":"unhandledRejection","level":"error"}
{"message":"unhandledRejection","level":"error"}
{"message":"unhandledRejection","level":"error"}
{"message":"unhandledRejection","level":"error"}
{"message":"unhandledRejection","level":"error"}
{"message":"unhandledRejection","level":"error"}
{"message":"unhandledRejection","level":"error"}
{"message":"unhandledRejection","level":"error"}
{"message":"unhandledRejection","level":"error"}
{"message":"unhandledRejection","level":"error"}
{"message":"unhandledRejection","level":"error"}
{"message":"unhandledRejection","level":"error"}
{"message":"unhandledRejection","level":"error"}
{"message":"unhandledRejection","level":"error"}
{"message":"unhandledRejection","level":"error"}
{"message":"unhandledRejection","level":"error"}
{"message":"unhandledRejection","level":"error"}
{"message":"unhandledRejection","level":"error"}
{"message":"unhandledRejection","level":"error"}
{"message":"unhandledRejection","level":"error"}
{"message":"unhandledRejection","level":"error"}
{"message":"unhandledRejection","level":"error"}
{"message":"unhandledRejection","level":"error"}
{"message":"unhandledRejection","level":"error"}
{"message":"unhandledRejection","level":"error"}
{"message":"unhandledRejection","level":"error"}
{"message":"unhandledRejection","level":"error"}
{"message":"unhandledRejection","level":"error"}
{"message":"unhandledRejection","level":"error"}
{"message":"unhandledRejection","level":"error"}
{"message":"unhandledRejection","level":"error"}
{"message":"unhandledRejection","level":"error"}
{"message":"unhandledRejection","level":"error"}
{"message":"unhandledRejection","level":"error"}
{"message":"unhandledRejection","level":"error"}
{"message":"unhandledRejection","level":"error"}
{"message":"unhandledRejection","level":"error"}
{"message":"unhandledRejection","level":"error"}
{"message":"unhandledRejection","level":"error"}
{"message":"unhandledRejection","level":"error"}
{"message":"unhandledRejection","level":"error"}
{"message":"unhandledRejection","level":"error"}
{"message":"unhandledRejection","level":"error"}
{"message":"unhandledRejection","level":"error"}
{"message":"unhandledRejection","level":"error"}
{"message":"unhandledRejection","level":"error"}
{"message":"unhandledRejection","level":"error"}
{"message":"unhandledRejection","level":"error"}
{"message":"unhandledRejection","level":"error"}
{"message":"unhandledRejection","level":"error"}
{"message":"unhandledRejection","level":"error"}
{"message":"unhandledRejection","level":"error"}
{"message":"unhandledRejection","level":"error"}
{"message":"unhandledRejection","level":"error"}
{"message":"unhandledRejection","level":"error"}
{"message":"unhandledRejection","level":"error"}
{"message":"unhandledRejection","level":"error"}
{"message":"unhandledRejection","level":"error"}
{"message":"unhandledRejection","level":"error"}
{"message":"unhandledRejection","level":"error"}
{"message":"unhandledRejection","level":"error"}
{"message":"unhandledRejection","level":"error"}
{"message":"unhandledRejection","level":"error"}
{"message":"unhandledRejection","level":"error"}
{"message":"unhandledRejection","level":"error"}
{"message":"unhandledRejection","level":"error"}
{"message":"unhandledRejection","level":"error"}
{"message":"unhandledRejection","level":"error"}
{"message":"unhandledRejection","level":"error"}
{"message":"unhandledRejection","level":"error"}
{"message":"unhandledRejection","level":"error"}
{"message":"unhandledRejection","level":"error"}
{"message":"unhandledRejection","level":"error"}
{"message":"unhandledRejection","level":"error"}
{"message":"unhandledRejection","level":"error"}
{"message":"unhandledRejection","level":"error"}
{"message":"unhandledRejection","level":"error"}
{"message":"unhandledRejection","level":"error"}
{"message":"unhandledRejection","level":"error"}
{"message":"unhandledRejection","level":"error"}
{"message":"unhandledRejection","level":"error"}
{"message":"unhandledRejection","level":"error"}
{"message":"unhandledRejection","level":"error"}
{"message":"unhandledRejection","level":"error"}
{"message":"unhandledRejection","level":"error"}
{"message":"unhandledRejection","level":"error"}
{"message":"unhandledRejection","level":"error"}
{"message":"unhandledRejection","level":"error"}
{"message":"unhandledRejection","level":"error"}
{"message":"unhandledRejection","level":"error"}
{"message":"unhandledRejection","level":"error"}
{"message":"unhandledRejection","level":"error"}
{"message":"unhandledRejection","level":"error"}
{"message":"unhandledRejection","level":"error"}
{"message":"unhandledRejection","level":"error"}
{"message":"unhandledRejection","level":"error"}
{"message":"unhandledRejection","level":"error"}
{"message":"unhandledRejection","level":"error"}
{"message":"unhandledRejection","level":"error"}
{"message":"unhandledRejection","level":"error"}
{"message":"unhandledRejection","level":"error"}
{"message":"unhandledRejection","level":"error"}
{"message":"unhandledRejection","level":"error"}
{"message":"unhandledRejection","level":"error"}
{"message":"unhandledRejection","level":"error"}
{"message":"unhandledRejection","level":"error"}
{"message":"unhandledRejection","level":"error"}
{"message":"unhandledRejection","level":"error"}
{"message":"unhandledRejection","level":"error"}
{"message":"unhandledRejection","level":"error"}
{"message":"unhandledRejection","level":"error"}
{"message":"unhandledRejection","level":"error"}
{"message":"unhandledRejection","level":"error"}
{"message":"unhandledRejection","level":"error"}
{"message":"unhandledRejection","level":"error"}
{"message":"unhandledRejection","level":"error"}
{"message":"method: GET, originalUrl: /user/1, error: unknown route","level":"error"}
{"message":"method: GET, originalUrl: /user/1, error: unknown route","level":"error"}
{"message":"method: GET, originalUrl: /user/1, error: unknown route","level":"error"}
{"message":"unhandledRejection","level":"error"}
{"message":"unhandledRejection","level":"error"}
{"message":"service: GroupService, method: getGroupById, params: id: e7f0949a-e9de-4a7d-981d-0f9c56d2cc38, message: Cannot find group with id e7f0949a-e9de-4a7d-981d-0f9c56d2cc38. Maybe group was not found!","level":"error"}
{"message":"service: GroupService, method: getGroupById, params: id: e7f0949a-e9de-4a7d-981d-0f9c56d2cc38, message: Cannot find group with id e7f0949a-e9de-4a7d-981d-0f9c56d2cc38. Maybe group was not found!","level":"error"}
{"message":"method: GET, originalUrl: /groups/7ef6ba77-88b2-4eca-870b-32d78d6e9b6a/users2/1,2,3,b6404641-7066-4428-8804-2032587a0cc1, error: unknown route","level":"error"}
{"message":"unhandledRejection","level":"error"}
{"message":"unhandledRejection","level":"error"}
{"message":"unhandledRejection","level":"error"}
{"message":"unhandledRejection","level":"error"}
{"message":"unhandledRejection","level":"error"}
{"message":"unhandledRejection","level":"error"}
{"message":"unhandledRejection","level":"error"}
{"message":"unhandledRejection","level":"error"}
{"message":"unhandledRejection","level":"error"}
{"message":"unhandledRejection","level":"error"}
{"message":"unhandledRejection","level":"error"}
{"message":"unhandledRejection","level":"error"}
{"message":"unhandledRejection","level":"error"}
{"message":"unhandledRejection","level":"error"}
{"message":"unhandledRejection","level":"error"}
{"message":"unhandledRejection","level":"error"}
{"message":"unhandledRejection","level":"error"}
{"message":"unhandledRejection","level":"error"}
{"message":"unhandledRejection","level":"error"}
{"message":"unhandledRejection","level":"error"}
{"message":"unhandledRejection","level":"error"}
{"message":"unhandledRejection","level":"error"}
{"message":"method: POST, originalUrl: /user, error: unknown route","level":"error"}
{"message":"method: POST, originalUrl: /user, error: unknown route","level":"error"}
{"message":"method: POST, originalUrl: /user, error: unknown route","level":"error"}
{"message":"method: POST, originalUrl: /login, error: unknown route","level":"error"}
{"message":"unhandledRejection","level":"error"}
{"message":"unhandledRejection","level":"error"}
{"message":"unhandledRejection","level":"error"}
{"message":"unhandledRejection","level":"error"}
{"message":"unhandledRejection","level":"error"}
{"message":"unhandledRejection","level":"error"}
{"message":"unhandledRejection","level":"error"}
{"message":"unhandledRejection","level":"error"}
{"message":"unhandledRejection","level":"error"}
{"message":"unhandledRejection","level":"error"}
{"message":"unhandledRejection","level":"error"}
{"message":"unhandledRejection","level":"error"}
{"message":"unhandledRejection","level":"error"}
{"message":"unhandledRejection","level":"error"}
{"message":"unhandledRejection","level":"error"}
{"message":"unhandledRejection","level":"error"}
{"message":"unhandledRejection","level":"error"}
{"message":"unhandledRejection","level":"error"}
{"message":"service: UserService, method: getUser, params: { login: 1111, password: ffffffffff1}, message: Some error occurred while getting the user.","level":"error"}
{"message":"unhandledRejection","level":"error"}
{"message":"unhandledRejection","level":"error"}
{"message":"service: UserService, method: getUser, params: { login: 1111, password: ffffffffff1}, message: Some error occurred while getting the user.","level":"error"}
{"message":"unhandledRejection","level":"error"}
{"message":"unhandledRejection","level":"error"}
{"message":"service: UserService, method: getUser, params: { login: 1111, password: ffffffffff1}, message: Some error occurred while getting the user.","level":"error"}
{"message":"service: UserService, method: getUser, params: { login: 1111, password: ffffffffff1}, message: Some error occurred while getting the user.","level":"error"}
{"message":"unhandledRejection","level":"error"}
{"message":"unhandledRejection","level":"error"}
{"message":"unhandledRejection","level":"error"}
{"message":"unhandledRejection","level":"error"}
{"message":"unhandledRejection","level":"error"}
{"message":"unhandledRejection","level":"error"}
{"message":"unhandledRejection","level":"error"}
{"message":"unhandledRejection","level":"error"}
{"message":"service: UserService, method: getUser, params: { login: 1111, password: ffffffffff1}, message: Some error occurred while getting the user.","level":"error"}
{"message":"unhandledRejection","level":"error"}
{"message":"unhandledRejection","level":"error"}
{"message":"unhandledRejection","level":"error"}
{"message":"unhandledRejection","level":"error"}
{"message":"service: UserService, method: getUser, params: { login: 1111, password: ffffffffff1}, message: Some error occurred while getting the user.","level":"error"}
{"message":"unhandledRejection","level":"error"}
{"message":"unhandledRejection","level":"error"}
{"message":"service: UserService, method: getUser, params: { login: 1111, password: ffffffffff1}, message: Some error occurred while getting the user.","level":"error"}
{"message":"unhandledRejection","level":"error"}
{"message":"unhandledRejection","level":"error"}
{"message":"unhandledRejection","level":"error"}
{"message":"unhandledRejection","level":"error"}
{"message":"unhandledRejection","level":"error"}
{"message":"unhandledRejection","level":"error"}
{"message":"unhandledRejection","level":"error"}
{"message":"unhandledRejection","level":"error"}
{"message":"unhandledRejection","level":"error"}
{"message":"unhandledRejection","level":"error"}
